<?xml version="1.0" encoding="UTF-8"?>
<testsuite xmlns:xsi="http://www.w3.org/2001/XMLSchema-instance" xsi:noNamespaceSchemaLocation="https://maven.apache.org/surefire/maven-surefire-plugin/xsd/surefire-test-report-3.0.xsd" version="3.0" name="TestSuite" time="1.997" tests="2" errors="0" skipped="0" failures="0">
  <properties>
    <property name="java.specification.version" value="13"/>
    <property name="sun.cpu.isalist" value="amd64"/>
    <property name="sun.jnu.encoding" value="Cp1252"/>
    <property name="java.class.path" value="C:\Users\rahularora\eclipse-workspace\testMaven\target\test-classes;C:\Users\rahularora\eclipse-workspace\testMaven\target\classes;C:\Users\rahularora\.m2\repository\org\testng\testng\7.1.0\testng-7.1.0.jar;C:\Users\rahularora\.m2\repository\com\beust\jcommander\1.72\jcommander-1.72.jar;C:\Users\rahularora\.m2\repository\com\google\inject\guice\4.1.0\guice-4.1.0-no_aop.jar;C:\Users\rahularora\.m2\repository\javax\inject\javax.inject\1\javax.inject-1.jar;C:\Users\rahularora\.m2\repository\aopalliance\aopalliance\1.0\aopalliance-1.0.jar;C:\Users\rahularora\.m2\repository\com\google\guava\guava\19.0\guava-19.0.jar;C:\Users\rahularora\.m2\repository\org\yaml\snakeyaml\1.21\snakeyaml-1.21.jar;C:\Users\rahularora\.m2\repository\org\apache\httpcomponents\httpclient\4.5.12\httpclient-4.5.12.jar;C:\Users\rahularora\.m2\repository\org\apache\httpcomponents\httpcore\4.4.13\httpcore-4.4.13.jar;C:\Users\rahularora\.m2\repository\commons-logging\commons-logging\1.2\commons-logging-1.2.jar;C:\Users\rahularora\.m2\repository\commons-codec\commons-codec\1.11\commons-codec-1.11.jar;C:\Users\rahularora\.m2\repository\org\json\json\20190722\json-20190722.jar;C:\Users\rahularora\.m2\repository\com\fasterxml\jackson\core\jackson-databind\2.11.0.rc1\jackson-databind-2.11.0.rc1.jar;C:\Users\rahularora\.m2\repository\com\fasterxml\jackson\core\jackson-annotations\2.11.0.rc1\jackson-annotations-2.11.0.rc1.jar;C:\Users\rahularora\.m2\repository\com\fasterxml\jackson\core\jackson-core\2.11.0.rc1\jackson-core-2.11.0.rc1.jar;"/>
    <property name="java.vm.vendor" value="Oracle Corporation"/>
    <property name="sun.arch.data.model" value="64"/>
    <property name="user.variant" value=""/>
    <property name="java.vendor.url" value="https://java.oracle.com/"/>
    <property name="user.timezone" value="Asia/Calcutta"/>
    <property name="os.name" value="Windows 10"/>
    <property name="java.vm.specification.version" value="13"/>
    <property name="sun.java.launcher" value="SUN_STANDARD"/>
    <property name="user.country" value="IN"/>
    <property name="sun.boot.library.path" value="C:\Program Files\Java\jdk-13.0.2\bin"/>
    <property name="sun.java.command" value="C:\Users\rahularora\AppData\Local\Temp\surefire8166847181074823710\surefirebooter17114293720035094262.jar C:\Users\rahularora\AppData\Local\Temp\surefire8166847181074823710 2020-06-25T19-44-31_105-jvmRun1 surefire13070680468638278150tmp surefire_015833785222850791691tmp"/>
    <property name="jdk.debug" value="release"/>
    <property name="surefire.test.class.path" value="C:\Users\rahularora\eclipse-workspace\testMaven\target\test-classes;C:\Users\rahularora\eclipse-workspace\testMaven\target\classes;C:\Users\rahularora\.m2\repository\org\testng\testng\7.1.0\testng-7.1.0.jar;C:\Users\rahularora\.m2\repository\com\beust\jcommander\1.72\jcommander-1.72.jar;C:\Users\rahularora\.m2\repository\com\google\inject\guice\4.1.0\guice-4.1.0-no_aop.jar;C:\Users\rahularora\.m2\repository\javax\inject\javax.inject\1\javax.inject-1.jar;C:\Users\rahularora\.m2\repository\aopalliance\aopalliance\1.0\aopalliance-1.0.jar;C:\Users\rahularora\.m2\repository\com\google\guava\guava\19.0\guava-19.0.jar;C:\Users\rahularora\.m2\repository\org\yaml\snakeyaml\1.21\snakeyaml-1.21.jar;C:\Users\rahularora\.m2\repository\org\apache\httpcomponents\httpclient\4.5.12\httpclient-4.5.12.jar;C:\Users\rahularora\.m2\repository\org\apache\httpcomponents\httpcore\4.4.13\httpcore-4.4.13.jar;C:\Users\rahularora\.m2\repository\commons-logging\commons-logging\1.2\commons-logging-1.2.jar;C:\Users\rahularora\.m2\repository\commons-codec\commons-codec\1.11\commons-codec-1.11.jar;C:\Users\rahularora\.m2\repository\org\json\json\20190722\json-20190722.jar;C:\Users\rahularora\.m2\repository\com\fasterxml\jackson\core\jackson-databind\2.11.0.rc1\jackson-databind-2.11.0.rc1.jar;C:\Users\rahularora\.m2\repository\com\fasterxml\jackson\core\jackson-annotations\2.11.0.rc1\jackson-annotations-2.11.0.rc1.jar;C:\Users\rahularora\.m2\repository\com\fasterxml\jackson\core\jackson-core\2.11.0.rc1\jackson-core-2.11.0.rc1.jar;"/>
    <property name="sun.cpu.endian" value="little"/>
    <property name="user.home" value="C:\Users\rahularora"/>
    <property name="user.language" value="en"/>
    <property name="java.specification.vendor" value="Oracle Corporation"/>
    <property name="java.version.date" value="2020-01-14"/>
    <property name="java.home" value="C:\Program Files\Java\jdk-13.0.2"/>
    <property name="file.separator" value="\"/>
    <property name="basedir" value="C:\Users\rahularora\eclipse-workspace\testMaven"/>
    <property name="java.vm.compressedOopsMode" value="Zero based"/>
    <property name="line.separator" value="&#10;"/>
    <property name="java.vm.specification.vendor" value="Oracle Corporation"/>
    <property name="java.specification.name" value="Java Platform API Specification"/>
    <property name="surefire.real.class.path" value="C:\Users\rahularora\AppData\Local\Temp\surefire8166847181074823710\surefirebooter17114293720035094262.jar"/>
    <property name="user.script" value=""/>
    <property name="sun.management.compiler" value="HotSpot 64-Bit Tiered Compilers"/>
    <property name="java.runtime.version" value="13.0.2+8"/>
    <property name="user.name" value="rahularora"/>
    <property name="path.separator" value=";"/>
    <property name="os.version" value="10.0"/>
    <property name="java.runtime.name" value="Java(TM) SE Runtime Environment"/>
    <property name="file.encoding" value="Cp1252"/>
    <property name="java.vm.name" value="Java HotSpot(TM) 64-Bit Server VM"/>
    <property name="localRepository" value="C:\Users\rahularora\.m2\repository"/>
    <property name="java.vendor.url.bug" value="https://bugreport.java.com/bugreport/"/>
    <property name="java.io.tmpdir" value="C:\Users\rahularora\AppData\Local\Temp\"/>
    <property name="java.version" value="13.0.2"/>
    <property name="user.dir" value="C:\Users\rahularora\eclipse-workspace\testMaven"/>
    <property name="os.arch" value="amd64"/>
    <property name="java.vm.specification.name" value="Java Virtual Machine Specification"/>
    <property name="sun.os.patch.level" value=""/>
    <property name="java.library.path" value="C:\Program Files\Java\jdk-13.0.2\bin;C:\WINDOWS\Sun\Java\bin;C:\WINDOWS\system32;C:\WINDOWS;C:/Program Files/Java/jdk-13.0.2/bin/server;C:/Program Files/Java/jdk-13.0.2/bin;C:\seleniumDriver;C:\Program Files\Microsoft MPI\Bin\;C:\Program Files (x86)\Intel\Intel(R) Management Engine Components\iCLS\;C:\Program Files\Intel\Intel(R) Management Engine Components\iCLS\;C:\WINDOWS\system32;C:\WINDOWS;C:\WINDOWS\System32\Wbem;C:\Program Files (x86)\Common Files\Oracle\Java\javapath;C:\WINDOWS\System32\WindowsPowerShell\v1.0\;C:\WINDOWS\System32\OpenSSH\;C:\Program Files (x86)\Intel\Intel(R) Management Engine Components\DAL;C:\Program Files\Intel\Intel(R) Management Engine Components\DAL;C:\Program Files\TortoiseSVN\bin;C:\Program Files (x86)\Microsoft SQL Server\130\Tools\Binn\;C:\Program Files\Microsoft SQL Server\130\Tools\Binn\;C:\Program Files (x86)\Microsoft SQL Server\130\DTS\Binn\;C:\Program Files\Microsoft SQL Server\130\DTS\Binn\;C:\Program Files\Microsoft SQL Server\Client SDK\ODBC\130\Tools\Binn\;C:\Program Files (x86)\Microsoft SQL Server\Client SDK\ODBC\130\Tools\Binn\;C:\Program Files (x86)\Microsoft SQL Server\140\Tools\Binn\;C:\Program Files (x86)\Microsoft SQL Server\140\DTS\Binn\;C:\Program Files (x86)\Microsoft SQL Server\140\Tools\Binn\ManagementStudio\;C:\Users\rahularora\AppData\Local\Programs\Python\Python37-32;C:\Users\rahularora\AppData\Local\Programs\Python\Python37-32\Scripts;D:\pip;C:\Program Files\Java\jdk-13.0.2\bin;D:\software\apache-maven-3.6.3\bin;C:\Program Files\Git\cmd;C:\Program Files\nodejs\;C:\Program Files\Git\bin;C:\Program Files\nodejs;C:\Program Files\Intel\WiFi\bin\;C:\Program Files\Common Files\Intel\WirelessCommon\;C:\seleniumDriver;C:\Users\rahularora\AppData\Local\Microsoft\WindowsApps;C:\Users\rahularora\AppData\Local\Programs\Python\Python37-32;C:\Users\rahularora\AppData\Local\Programs\Python\Python37-32\Scripts;D:\pip;C:\Program Files\Java\jdk1.8.0_251\bin;C:\Users\rahularora\AppData\Roaming\npm;C:\Users\rahularora\AppData\Local\Programs\Microsoft VS Code\bin;D:\software\apache-maven-3.6.3\bin;;C:\WINDOWS\system32;;."/>
    <property name="java.vm.info" value="mixed mode, sharing"/>
    <property name="java.vendor" value="Oracle Corporation"/>
    <property name="java.vm.version" value="13.0.2+8"/>
    <property name="sun.io.unicode.encoding" value="UnicodeLittle"/>
    <property name="java.class.version" value="57.0"/>
  </properties>
  <testcase name="baseUrlReturns200" classname="testMaven.TestGet200Test" time="0.853"/>
  <testcase name="rateLimit" classname="testMaven.TestGet200Test" time="0.345"/>
</testsuite>