<?xml version="1.0" encoding="UTF-8"?>
<!-- Generated by org.testng.reporters.JUnitReportReporter -->
<testsuite hostname="Rahul4785-01" failures="0" tests="2" name="Get200" time="1.385" errors="0" timestamp="2020-06-25T16:44:09 IST" skipped="0">
  <testcase classname="Get200" name="rateLimit" time="0.228"/>
  <system-out/>
  <testcase classname="Get200" name="baseUrlReturns200" time="1.157"/>
  <system-out/>
</testsuite> <!-- Get200 -->
