<?xml version="1.0" encoding="UTF-8"?>
<!-- Generated by org.testng.reporters.JUnitReportReporter -->
<testsuite hostname="Rahul4785-01" failures="0" tests="2" name="testMaven.TestGet200Test" time="1.662" errors="0" timestamp="2020-06-25T18:59:35 IST" skipped="0">
  <testcase classname="testMaven.TestGet200Test" name="rateLimit" time="0.429"/>
  <system-out/>
  <testcase classname="testMaven.TestGet200Test" name="baseUrlReturns200" time="1.233"/>
  <system-out/>
</testsuite> <!-- testMaven.TestGet200Test -->
