<?xml version="1.0" encoding="UTF-8"?>
<!-- Generated by org.testng.reporters.JUnitReportReporter -->
<testsuite hostname="Rahul4785-01" failures="0" tests="3" name="BodytestWithJackson" time="1.310" errors="0" timestamp="2020-04-23T15:33:09 IST" skipped="0">
  <testcase classname="BodytestWithJackson" name="returnCorrectId" time="0.311"/>
  <system-out/>
  <testcase classname="BodytestWithJackson" name="notFoundMessageIsCorrect" time="0.923"/>
  <system-out/>
  <testcase classname="BodytestWithJackson" name="returnCorrectLogin" time="0.076"/>
  <system-out/>
</testsuite> <!-- BodytestWithJackson -->
