<?xml version="1.0" encoding="UTF-8"?>
<!-- Generated by org.testng.reporters.JUnitReportReporter -->
<testsuite hostname="Rahul4785-01" failures="0" tests="2" name="ResponseHeaderTest" time="2.755" errors="0" timestamp="2020-06-25T17:07:48 IST" skipped="0">
  <testcase classname="ResponseHeaderTest" name="contetTypeIsJson" time="0.957"/>
  <system-out/>
  <testcase classname="ResponseHeaderTest" name="serverIsGitHub" time="1.798"/>
  <system-out/>
</testsuite> <!-- ResponseHeaderTest -->
