<?xml version="1.0" encoding="UTF-8"?>
<!-- Generated by org.testng.reporters.JUnitReportReporter -->
<testsuite hostname="Rahul4785-01" failures="0" tests="2" name="ResponseHeader" time="4.949" errors="0" timestamp="2020-04-23T12:17:24 IST" skipped="0">
  <testcase classname="ResponseHeader" name="serverIsGitHub" time="0.455"/>
  <system-out/>
  <testcase classname="ResponseHeader" name="contetTypeIsJson" time="4.494"/>
  <system-out/>
</testsuite> <!-- ResponseHeader -->
