<?xml version="1.0" encoding="UTF-8"?>
<!-- Generated by org.testng.reporters.JUnitReportReporter -->
<testsuite hostname="Rahul4785-01" failures="0" tests="2" name="testMaven.TestGet200Test" time="1.195" errors="0" timestamp="2020-06-25T19:44:33 IST" skipped="0">
  <testcase classname="testMaven.TestGet200Test" name="baseUrlReturns200" time="0.848"/>
  <system-out/>
  <testcase classname="testMaven.TestGet200Test" name="rateLimit" time="0.347"/>
  <system-out/>
</testsuite> <!-- testMaven.TestGet200Test -->
